2019-12-07  12:01:15 Sat  root INFO /home/xiaofeng/桌面/MyGithub/StarFile/StarFire/Peer2_Codes/clientLogger.py **********This is Peer2 ********** 
2019-12-07  12:01:22 Sat  root ERROR /home/xiaofeng/桌面/MyGithub/StarFile/StarFire/Peer2_Codes/clientLogger.py Connecting to server... 
2019-12-07  12:01:22 Sat  root INFO /home/xiaofeng/桌面/MyGithub/StarFile/StarFire/Peer2_Codes/clientLogger.py Successfully connect to server 
2019-12-07  12:01:22 Sat  root INFO /home/xiaofeng/桌面/MyGithub/StarFile/StarFire/Peer2_Codes/clientLogger.py File Registered Successfully, 
2019-12-07  12:01:22 Sat  root INFO /home/xiaofeng/桌面/MyGithub/StarFile/StarFire/Peer2_Codes/clientLogger.py And This Peer is Ready For Sharing his File
 
2019-12-07  12:01:39 Sat  root INFO /home/xiaofeng/桌面/MyGithub/StarFile/StarFire/Peer2_Codes/clientLogger.py Got Connection From 127.0.0.1 : 33000 
2019-12-07  12:01:39 Sat  root INFO /home/xiaofeng/桌面/MyGithub/StarFile/StarFire/Peer2_Codes/clientLogger.py Got the directory 
2019-12-07  12:01:39 Sat  root INFO /home/xiaofeng/桌面/MyGithub/StarFile/StarFire/Peer2_Codes/clientLogger.py Local directory caching is complete. 2 
2019-12-07  12:01:50 Sat  root ERROR /home/xiaofeng/桌面/MyGithub/StarFile/StarFire/Peer2_Codes/clientLogger.py Connecting to server... 
2019-12-07  12:01:50 Sat  root INFO /home/xiaofeng/桌面/MyGithub/StarFile/StarFire/Peer2_Codes/clientLogger.py Successfully connect to server 
2019-12-07  12:02:09 Sat  root INFO /home/xiaofeng/桌面/MyGithub/StarFile/StarFire/Peer2_Codes/clientLogger.py Got Connection From 127.0.0.1 : 33008 
2019-12-07  12:02:09 Sat  root INFO /home/xiaofeng/桌面/MyGithub/StarFile/StarFire/Peer2_Codes/clientLogger.py Got the directory 
2019-12-07  12:02:09 Sat  root INFO /home/xiaofeng/桌面/MyGithub/StarFile/StarFire/Peer2_Codes/clientLogger.py Local directory caching is complete. 2 
2019-12-07  12:02:25 Sat  root INFO /home/xiaofeng/桌面/MyGithub/StarFile/StarFire/Peer2_Codes/clientLogger.py File Downloaded Successfully 
2019-12-07  12:02:25 Sat  root INFO /home/xiaofeng/桌面/MyGithub/StarFile/StarFire/Peer2_Codes/clientLogger.py a.txtis in /Peer2Files/downloads 
2019-12-07  12:02:39 Sat  root INFO /home/xiaofeng/桌面/MyGithub/StarFile/StarFire/Peer2_Codes/clientLogger.py Got Connection From 127.0.0.1 : 33022 
2019-12-07  12:02:39 Sat  root INFO /home/xiaofeng/桌面/MyGithub/StarFile/StarFire/Peer2_Codes/clientLogger.py Got the directory 
2019-12-07  12:02:39 Sat  root INFO /home/xiaofeng/桌面/MyGithub/StarFile/StarFire/Peer2_Codes/clientLogger.py Local directory caching is complete. 2 
2019-12-07  12:02:50 Sat  root ERROR /home/xiaofeng/桌面/MyGithub/StarFile/StarFire/Peer2_Codes/clientLogger.py Connecting to server... 
2019-12-07  12:02:50 Sat  root ERROR /home/xiaofeng/桌面/MyGithub/StarFile/StarFire/Peer2_Codes/clientLogger.py Connection to server failed. Reconnect after 5 seconds... 
2019-12-07  12:02:55 Sat  root ERROR /home/xiaofeng/桌面/MyGithub/StarFile/StarFire/Peer2_Codes/clientLogger.py Connecting to server... 
2019-12-07  12:02:55 Sat  root ERROR /home/xiaofeng/桌面/MyGithub/StarFile/StarFire/Peer2_Codes/clientLogger.py Connection to server failed. Reconnect after 5 seconds... 
2019-12-07  12:03:00 Sat  root ERROR /home/xiaofeng/桌面/MyGithub/StarFile/StarFire/Peer2_Codes/clientLogger.py Connecting to server... 
2019-12-07  12:03:00 Sat  root ERROR /home/xiaofeng/桌面/MyGithub/StarFile/StarFire/Peer2_Codes/clientLogger.py Connection to server failed. Reconnect after 5 seconds... 
2019-12-07  12:03:05 Sat  root ERROR /home/xiaofeng/桌面/MyGithub/StarFile/StarFire/Peer2_Codes/clientLogger.py The maximum number of retries is reached and the connection to the server fails.Switch to distributed mode... 
2019-12-07  12:03:05 Sat  root INFO /home/xiaofeng/桌面/MyGithub/StarFile/StarFire/Peer2_Codes/clientLogger.py Read local directory... 
2019-12-07  12:03:05 Sat  root INFO /home/xiaofeng/桌面/MyGithub/StarFile/StarFire/Peer2_Codes/clientLogger.py Register speed: 1 
2019-12-07  12:03:05 Sat  root INFO /home/xiaofeng/桌面/MyGithub/StarFile/StarFire/Peer2_Codes/clientLogger.py This peer is listening... 
2019-12-07  12:03:46 Sat  root INFO /home/xiaofeng/桌面/MyGithub/StarFile/StarFire/Peer2_Codes/clientLogger.py Got Connection From 127.0.0.1 : 33038 
2019-12-07  12:03:46 Sat  root INFO /home/xiaofeng/桌面/MyGithub/StarFile/StarFire/Peer2_Codes/clientLogger.py File sent. 
2019-12-07  12:03:58 Sat  root INFO /home/xiaofeng/桌面/MyGithub/StarFile/StarFire/Peer2_Codes/clientLogger.py Got Connection From 127.0.0.1 : 33040 
2019-12-07  12:03:58 Sat  root INFO /home/xiaofeng/桌面/MyGithub/StarFile/StarFire/Peer2_Codes/clientLogger.py client register 
2019-12-07  12:04:05 Sat  root INFO /home/xiaofeng/桌面/MyGithub/StarFile/StarFire/Peer2_Codes/clientLogger.py File Downloaded Successfully 
2019-12-07  12:04:05 Sat  root INFO /home/xiaofeng/桌面/MyGithub/StarFile/StarFire/Peer2_Codes/clientLogger.py c.txtis in /Peer2Files/downloads 
2019-12-07  12:05:10 Sat  root INFO /home/xiaofeng/桌面/MyGithub/StarFile/StarFire/Peer2_Codes/clientLogger.py **********This is Peer2 ********** 
2019-12-07  12:05:15 Sat  root INFO /home/xiaofeng/桌面/MyGithub/StarFile/StarFire/Peer2_Codes/clientLogger.py client closed. 
2019-12-08  11:01:38 Sun  root INFO /home/xiaofeng/桌面/MyGithub/StarFile/StarFire/Peer2_Codes/clientLogger.py **********This is Peer2 ********** 
2019-12-08  11:01:45 Sun  root ERROR /home/xiaofeng/桌面/MyGithub/StarFile/StarFire/Peer2_Codes/clientLogger.py Connecting to server... 
2019-12-08  11:01:45 Sun  root INFO /home/xiaofeng/桌面/MyGithub/StarFile/StarFire/Peer2_Codes/clientLogger.py Successfully connect to server 
2019-12-08  11:01:45 Sun  root INFO /home/xiaofeng/桌面/MyGithub/StarFile/StarFire/Peer2_Codes/clientLogger.py  
2019-12-08  11:01:45 Sun  root INFO /home/xiaofeng/桌面/MyGithub/StarFile/StarFire/Peer2_Codes/clientLogger.py And This Peer is Ready For Sharing his File
 
2019-12-08  11:02:16 Sun  root INFO /home/xiaofeng/桌面/MyGithub/StarFile/StarFire/Peer2_Codes/clientLogger.py client closed. 
2019-12-08  11:04:06 Sun  root INFO /home/xiaofeng/桌面/MyGithub/StarFile/StarFire/Peer2_Codes/clientLogger.py **********This is Peer2 ********** 
2019-12-08  11:04:22 Sun  root ERROR /home/xiaofeng/桌面/MyGithub/StarFile/StarFire/Peer2_Codes/clientLogger.py Connecting to server... 
2019-12-08  11:04:22 Sun  root INFO /home/xiaofeng/桌面/MyGithub/StarFile/StarFire/Peer2_Codes/clientLogger.py Successfully connect to server 
2019-12-08  11:04:37 Sun  root ERROR /home/xiaofeng/桌面/MyGithub/StarFile/StarFire/Peer2_Codes/clientLogger.py Connecting to server... 
2019-12-08  11:04:37 Sun  root INFO /home/xiaofeng/桌面/MyGithub/StarFile/StarFire/Peer2_Codes/clientLogger.py Successfully connect to server 
2019-12-08  11:04:37 Sun  root INFO /home/xiaofeng/桌面/MyGithub/StarFile/StarFire/Peer2_Codes/clientLogger.py File Registered Successfully, 
2019-12-08  11:04:37 Sun  root INFO /home/xiaofeng/桌面/MyGithub/StarFile/StarFire/Peer2_Codes/clientLogger.py And This Peer is Ready For Sharing his File
 
2019-12-08  11:06:42 Sun  root INFO /home/xiaofeng/桌面/MyGithub/StarFile/StarFire/Peer2_Codes/clientLogger.py Got Connection From 127.0.0.1 : 59792 
2019-12-08  11:06:42 Sun  root INFO /home/xiaofeng/桌面/MyGithub/StarFile/StarFire/Peer2_Codes/clientLogger.py Got the directory 
2019-12-08  11:06:42 Sun  root INFO /home/xiaofeng/桌面/MyGithub/StarFile/StarFire/Peer2_Codes/clientLogger.py Local directory caching is complete. 3 
2019-12-08  11:06:46 Sun  root ERROR /home/xiaofeng/桌面/MyGithub/StarFile/StarFire/Peer2_Codes/clientLogger.py Connecting to server... 
2019-12-08  11:06:46 Sun  root INFO /home/xiaofeng/桌面/MyGithub/StarFile/StarFire/Peer2_Codes/clientLogger.py Successfully connect to server 
2019-12-08  11:07:09 Sun  root ERROR /home/xiaofeng/桌面/MyGithub/StarFile/StarFire/Peer2_Codes/clientLogger.py Connecting to server... 
2019-12-08  11:07:09 Sun  root INFO /home/xiaofeng/桌面/MyGithub/StarFile/StarFire/Peer2_Codes/clientLogger.py Successfully connect to server 
2019-12-08  11:07:12 Sun  root INFO /home/xiaofeng/桌面/MyGithub/StarFile/StarFire/Peer2_Codes/clientLogger.py Got Connection From 127.0.0.1 : 59806 
2019-12-08  11:07:12 Sun  root INFO /home/xiaofeng/桌面/MyGithub/StarFile/StarFire/Peer2_Codes/clientLogger.py Got the directory 
2019-12-08  11:07:12 Sun  root INFO /home/xiaofeng/桌面/MyGithub/StarFile/StarFire/Peer2_Codes/clientLogger.py Local directory caching is complete. 4 
2019-12-08  11:09:36 Sun  root ERROR /home/xiaofeng/桌面/MyGithub/StarFile/StarFire/Peer2_Codes/clientLogger.py Connecting to server... 
2019-12-08  11:09:36 Sun  root INFO /home/xiaofeng/桌面/MyGithub/StarFile/StarFire/Peer2_Codes/clientLogger.py Successfully connect to server 
2019-12-08  11:09:36 Sun  root INFO /home/xiaofeng/桌面/MyGithub/StarFile/StarFire/Peer2_Codes/clientLogger.py There is no file has this name or there is no file in server at all
 
2019-12-08  11:10:55 Sun  root ERROR /home/xiaofeng/桌面/MyGithub/StarFile/StarFire/Peer2_Codes/clientLogger.py Connecting to server... 
2019-12-08  11:10:55 Sun  root INFO /home/xiaofeng/桌面/MyGithub/StarFile/StarFire/Peer2_Codes/clientLogger.py Successfully connect to server 
2019-12-08  11:10:55 Sun  root INFO /home/xiaofeng/桌面/MyGithub/StarFile/StarFire/Peer2_Codes/clientLogger.py File Registered Successfully, 
2019-12-08  11:10:55 Sun  root INFO /home/xiaofeng/桌面/MyGithub/StarFile/StarFire/Peer2_Codes/clientLogger.py This peer is listening... 
2019-12-08  11:10:58 Sun  root INFO /home/xiaofeng/桌面/MyGithub/StarFile/StarFire/Peer2_Codes/clientLogger.py Got Connection From 127.0.0.1 : 59830 
2019-12-08  11:10:58 Sun  root INFO /home/xiaofeng/桌面/MyGithub/StarFile/StarFire/Peer2_Codes/clientLogger.py Got the directory 
2019-12-08  11:10:58 Sun  root INFO /home/xiaofeng/桌面/MyGithub/StarFile/StarFire/Peer2_Codes/clientLogger.py Local directory caching is complete. 1 
2019-12-08  11:11:28 Sun  root INFO /home/xiaofeng/桌面/MyGithub/StarFile/StarFire/Peer2_Codes/clientLogger.py Got Connection From 127.0.0.1 : 59832 
2019-12-08  11:11:28 Sun  root INFO /home/xiaofeng/桌面/MyGithub/StarFile/StarFire/Peer2_Codes/clientLogger.py Got the directory 
2019-12-08  11:11:28 Sun  root INFO /home/xiaofeng/桌面/MyGithub/StarFile/StarFire/Peer2_Codes/clientLogger.py Local directory caching is complete. 1 
2019-12-08  11:11:58 Sun  root INFO /home/xiaofeng/桌面/MyGithub/StarFile/StarFire/Peer2_Codes/clientLogger.py Got Connection From 127.0.0.1 : 59838 
2019-12-08  11:11:58 Sun  root INFO /home/xiaofeng/桌面/MyGithub/StarFile/StarFire/Peer2_Codes/clientLogger.py Got the directory 
2019-12-08  11:11:58 Sun  root INFO /home/xiaofeng/桌面/MyGithub/StarFile/StarFire/Peer2_Codes/clientLogger.py Local directory caching is complete. 1 
2019-12-08  11:12:28 Sun  root INFO /home/xiaofeng/桌面/MyGithub/StarFile/StarFire/Peer2_Codes/clientLogger.py Got Connection From 127.0.0.1 : 59844 
2019-12-08  11:12:28 Sun  root INFO /home/xiaofeng/桌面/MyGithub/StarFile/StarFire/Peer2_Codes/clientLogger.py Got the directory 
2019-12-08  11:12:28 Sun  root INFO /home/xiaofeng/桌面/MyGithub/StarFile/StarFire/Peer2_Codes/clientLogger.py Local directory caching is complete. 1 
2019-12-08  11:12:58 Sun  root INFO /home/xiaofeng/桌面/MyGithub/StarFile/StarFire/Peer2_Codes/clientLogger.py Got Connection From 127.0.0.1 : 59854 
2019-12-08  11:12:58 Sun  root INFO /home/xiaofeng/桌面/MyGithub/StarFile/StarFire/Peer2_Codes/clientLogger.py Got the directory 
2019-12-08  11:12:58 Sun  root INFO /home/xiaofeng/桌面/MyGithub/StarFile/StarFire/Peer2_Codes/clientLogger.py Local directory caching is complete. 2 
2019-12-08  11:13:28 Sun  root INFO /home/xiaofeng/桌面/MyGithub/StarFile/StarFire/Peer2_Codes/clientLogger.py Got Connection From 127.0.0.1 : 59864 
2019-12-08  11:13:28 Sun  root INFO /home/xiaofeng/桌面/MyGithub/StarFile/StarFire/Peer2_Codes/clientLogger.py Got the directory 
2019-12-08  11:13:28 Sun  root INFO /home/xiaofeng/桌面/MyGithub/StarFile/StarFire/Peer2_Codes/clientLogger.py Local directory caching is complete. 2 
2019-12-08  11:13:58 Sun  root INFO /home/xiaofeng/桌面/MyGithub/StarFile/StarFire/Peer2_Codes/clientLogger.py Got Connection From 127.0.0.1 : 59868 
2019-12-08  11:13:58 Sun  root INFO /home/xiaofeng/桌面/MyGithub/StarFile/StarFire/Peer2_Codes/clientLogger.py Got the directory 
2019-12-08  11:13:58 Sun  root INFO /home/xiaofeng/桌面/MyGithub/StarFile/StarFire/Peer2_Codes/clientLogger.py Local directory caching is complete. 2 
2019-12-08  11:14:30 Sun  root INFO /home/xiaofeng/桌面/MyGithub/StarFile/StarFire/Peer2_Codes/clientLogger.py client closed. 
2019-12-08  11:14:47 Sun  root INFO /home/xiaofeng/桌面/MyGithub/StarFile/StarFire/Peer2_Codes/clientLogger.py **********This is Peer2 ********** 
2019-12-08  11:14:52 Sun  root ERROR /home/xiaofeng/桌面/MyGithub/StarFile/StarFire/Peer2_Codes/clientLogger.py Connecting to server... 
2019-12-08  11:14:52 Sun  root INFO /home/xiaofeng/桌面/MyGithub/StarFile/StarFire/Peer2_Codes/clientLogger.py Successfully connect to server 
2019-12-08  11:15:02 Sun  root ERROR /home/xiaofeng/桌面/MyGithub/StarFile/StarFire/Peer2_Codes/clientLogger.py Connecting to server... 
2019-12-08  11:15:02 Sun  root INFO /home/xiaofeng/桌面/MyGithub/StarFile/StarFire/Peer2_Codes/clientLogger.py Successfully connect to server 
2019-12-08  11:15:02 Sun  root INFO /home/xiaofeng/桌面/MyGithub/StarFile/StarFire/Peer2_Codes/clientLogger.py File Registered Successfully, 
2019-12-08  11:15:02 Sun  root INFO /home/xiaofeng/桌面/MyGithub/StarFile/StarFire/Peer2_Codes/clientLogger.py And This Peer is Ready For Sharing his File
 
2019-12-08  11:15:09 Sun  root ERROR /home/xiaofeng/桌面/MyGithub/StarFile/StarFire/Peer2_Codes/clientLogger.py Connecting to server... 
2019-12-08  11:15:09 Sun  root INFO /home/xiaofeng/桌面/MyGithub/StarFile/StarFire/Peer2_Codes/clientLogger.py Successfully connect to server 
2019-12-08  11:16:12 Sun  root INFO /home/xiaofeng/桌面/MyGithub/StarFile/StarFire/Peer2_Codes/clientLogger.py Got Connection From 127.0.0.1 : 59896 
2019-12-08  11:16:12 Sun  root INFO /home/xiaofeng/桌面/MyGithub/StarFile/StarFire/Peer2_Codes/clientLogger.py Got the directory 
2019-12-08  11:16:12 Sun  root INFO /home/xiaofeng/桌面/MyGithub/StarFile/StarFire/Peer2_Codes/clientLogger.py Local directory caching is complete. 3 
2019-12-08  11:16:15 Sun  root ERROR /home/xiaofeng/桌面/MyGithub/StarFile/StarFire/Peer2_Codes/clientLogger.py Connecting to server... 
2019-12-08  11:16:15 Sun  root INFO /home/xiaofeng/桌面/MyGithub/StarFile/StarFire/Peer2_Codes/clientLogger.py Successfully connect to server 
2019-12-08  11:16:22 Sun  root INFO /home/xiaofeng/桌面/MyGithub/StarFile/StarFire/Peer2_Codes/clientLogger.py client closed. 
2019-12-08  11:22:10 Sun  root INFO /home/xiaofeng/桌面/MyGithub/StarFile/StarFire/Peer2_Codes/clientLogger.py **********This is Peer2 ********** 
2019-12-08  11:22:20 Sun  root ERROR /home/xiaofeng/桌面/MyGithub/StarFile/StarFire/Peer2_Codes/clientLogger.py Connecting to server... 
2019-12-08  11:22:20 Sun  root INFO /home/xiaofeng/桌面/MyGithub/StarFile/StarFire/Peer2_Codes/clientLogger.py Successfully connect to server 
2019-12-08  11:22:34 Sun  root ERROR /home/xiaofeng/桌面/MyGithub/StarFile/StarFire/Peer2_Codes/clientLogger.py Unknown error. Please try again. 
2019-12-08  11:22:58 Sun  root ERROR /home/xiaofeng/桌面/MyGithub/StarFile/StarFire/Peer2_Codes/clientLogger.py Connecting to server... 
2019-12-08  11:22:58 Sun  root INFO /home/xiaofeng/桌面/MyGithub/StarFile/StarFire/Peer2_Codes/clientLogger.py Successfully connect to server 
2019-12-08  11:22:58 Sun  root INFO /home/xiaofeng/桌面/MyGithub/StarFile/StarFire/Peer2_Codes/clientLogger.py File Registered Successfully, 
2019-12-08  11:22:58 Sun  root INFO /home/xiaofeng/桌面/MyGithub/StarFile/StarFire/Peer2_Codes/clientLogger.py And This Peer is Ready For Sharing his File
 
2019-12-08  11:23:04 Sun  root INFO /home/xiaofeng/桌面/MyGithub/StarFile/StarFire/Peer2_Codes/clientLogger.py Got Connection From 127.0.0.1 : 60018 
2019-12-08  11:23:04 Sun  root INFO /home/xiaofeng/桌面/MyGithub/StarFile/StarFire/Peer2_Codes/clientLogger.py Got the directory 
2019-12-08  11:23:04 Sun  root INFO /home/xiaofeng/桌面/MyGithub/StarFile/StarFire/Peer2_Codes/clientLogger.py Local directory caching is complete. 5 
2019-12-08  11:23:06 Sun  root ERROR /home/xiaofeng/桌面/MyGithub/StarFile/StarFire/Peer2_Codes/clientLogger.py Unknown error. Please try again. 
2019-12-08  11:23:11 Sun  root INFO /home/xiaofeng/桌面/MyGithub/StarFile/StarFire/Peer2_Codes/clientLogger.py ../Peer2Files/Uploads/ doesn't exist. 
2019-12-08  11:23:11 Sun  root ERROR /home/xiaofeng/桌面/MyGithub/StarFile/StarFire/Peer2_Codes/clientLogger.py Unknown error. Please try again. 
2019-12-08  11:23:17 Sun  root INFO /home/xiaofeng/桌面/MyGithub/StarFile/StarFire/Peer2_Codes/clientLogger.py File Downloaded Successfully 
2019-12-08  11:23:17 Sun  root INFO /home/xiaofeng/桌面/MyGithub/StarFile/StarFire/Peer2_Codes/clientLogger.py a.txtis in /Peer2Files/downloads 
2019-12-08  11:23:55 Sun  root ERROR /home/xiaofeng/桌面/MyGithub/StarFile/StarFire/Peer2_Codes/clientLogger.py Connecting to server... 
2019-12-08  11:23:55 Sun  root ERROR /home/xiaofeng/桌面/MyGithub/StarFile/StarFire/Peer2_Codes/clientLogger.py Connection to server failed. Reconnect after 5 seconds... 
2019-12-08  11:24:00 Sun  root ERROR /home/xiaofeng/桌面/MyGithub/StarFile/StarFire/Peer2_Codes/clientLogger.py Connecting to server... 
2019-12-08  11:24:00 Sun  root ERROR /home/xiaofeng/桌面/MyGithub/StarFile/StarFire/Peer2_Codes/clientLogger.py Connection to server failed. Reconnect after 5 seconds... 
2019-12-08  11:24:05 Sun  root ERROR /home/xiaofeng/桌面/MyGithub/StarFile/StarFire/Peer2_Codes/clientLogger.py Connecting to server... 
2019-12-08  11:24:05 Sun  root ERROR /home/xiaofeng/桌面/MyGithub/StarFile/StarFire/Peer2_Codes/clientLogger.py Connection to server failed. Reconnect after 5 seconds... 
2019-12-08  11:24:10 Sun  root ERROR /home/xiaofeng/桌面/MyGithub/StarFile/StarFire/Peer2_Codes/clientLogger.py The maximum number of retries is reached and the connection to the server fails.Switch to distributed mode... 
2019-12-08  11:24:14 Sun  root INFO /home/xiaofeng/桌面/MyGithub/StarFile/StarFire/Peer2_Codes/clientLogger.py Reading local data... 
2019-12-08  11:24:25 Sun  root INFO /home/xiaofeng/桌面/MyGithub/StarFile/StarFire/Peer2_Codes/clientLogger.py Got Connection From 127.0.0.1 : 60050 
2019-12-08  11:24:25 Sun  root INFO /home/xiaofeng/桌面/MyGithub/StarFile/StarFire/Peer2_Codes/clientLogger.py File sent. 
2019-12-08  11:28:24 Sun  root ERROR /home/xiaofeng/桌面/MyGithub/StarFile/StarFire/Peer2_Codes/clientLogger.py Unknown error. Please try again. 
2019-12-08  11:28:26 Sun  root INFO /home/xiaofeng/桌面/MyGithub/StarFile/StarFire/Peer2_Codes/clientLogger.py client closed. 
2019-12-08  11:28:36 Sun  root INFO /home/xiaofeng/桌面/MyGithub/StarFile/StarFire/Peer2_Codes/clientLogger.py **********This is Peer2 ********** 
2019-12-08  11:28:40 Sun  root ERROR /home/xiaofeng/桌面/MyGithub/StarFile/StarFire/Peer2_Codes/clientLogger.py Connecting to server... 
2019-12-08  11:28:40 Sun  root INFO /home/xiaofeng/桌面/MyGithub/StarFile/StarFire/Peer2_Codes/clientLogger.py Successfully connect to server 
2019-12-08  11:28:49 Sun  root ERROR /home/xiaofeng/桌面/MyGithub/StarFile/StarFire/Peer2_Codes/clientLogger.py Connecting to server... 
2019-12-08  11:28:49 Sun  root INFO /home/xiaofeng/桌面/MyGithub/StarFile/StarFire/Peer2_Codes/clientLogger.py Successfully connect to server 
2019-12-08  11:28:49 Sun  root INFO /home/xiaofeng/桌面/MyGithub/StarFile/StarFire/Peer2_Codes/clientLogger.py This file has already been registered in the server. Duplicate registration is not allowed. 
2019-12-08  11:28:49 Sun  root INFO /home/xiaofeng/桌面/MyGithub/StarFile/StarFire/Peer2_Codes/clientLogger.py And This Peer is Ready For Sharing his File
 
2019-12-08  11:29:04 Sun  root INFO /home/xiaofeng/桌面/MyGithub/StarFile/StarFire/Peer2_Codes/clientLogger.py Got Connection From 127.0.0.1 : 60070 
2019-12-08  11:29:04 Sun  root INFO /home/xiaofeng/桌面/MyGithub/StarFile/StarFire/Peer2_Codes/clientLogger.py Got the directory 
2019-12-08  11:29:04 Sun  root INFO /home/xiaofeng/桌面/MyGithub/StarFile/StarFire/Peer2_Codes/clientLogger.py Local directory caching is complete. 5 
2019-12-08  11:29:24 Sun  root ERROR /home/xiaofeng/桌面/MyGithub/StarFile/StarFire/Peer2_Codes/clientLogger.py Connecting to server... 
2019-12-08  11:29:24 Sun  root ERROR /home/xiaofeng/桌面/MyGithub/StarFile/StarFire/Peer2_Codes/clientLogger.py Connection to server failed. Reconnect after 5 seconds... 
2019-12-08  11:29:29 Sun  root ERROR /home/xiaofeng/桌面/MyGithub/StarFile/StarFire/Peer2_Codes/clientLogger.py Connecting to server... 
2019-12-08  11:29:29 Sun  root ERROR /home/xiaofeng/桌面/MyGithub/StarFile/StarFire/Peer2_Codes/clientLogger.py Connection to server failed. Reconnect after 5 seconds... 
2019-12-08  11:29:34 Sun  root ERROR /home/xiaofeng/桌面/MyGithub/StarFile/StarFire/Peer2_Codes/clientLogger.py Connecting to server... 
2019-12-08  11:29:34 Sun  root ERROR /home/xiaofeng/桌面/MyGithub/StarFile/StarFire/Peer2_Codes/clientLogger.py Connection to server failed. Reconnect after 5 seconds... 
2019-12-08  11:29:39 Sun  root ERROR /home/xiaofeng/桌面/MyGithub/StarFile/StarFire/Peer2_Codes/clientLogger.py The maximum number of retries is reached and the connection to the server fails.Switch to distributed mode... 
2019-12-08  11:29:41 Sun  root INFO /home/xiaofeng/桌面/MyGithub/StarFile/StarFire/Peer2_Codes/clientLogger.py Reading local data... 
2019-12-08  11:31:26 Sun  root INFO /home/xiaofeng/桌面/MyGithub/StarFile/StarFire/Peer2_Codes/clientLogger.py Got Connection From 127.0.0.1 : 60096 
2019-12-08  11:31:26 Sun  root INFO /home/xiaofeng/桌面/MyGithub/StarFile/StarFire/Peer2_Codes/clientLogger.py Got the directory 
2019-12-08  11:31:26 Sun  root INFO /home/xiaofeng/桌面/MyGithub/StarFile/StarFire/Peer2_Codes/clientLogger.py Local directory caching is complete. 5 
2019-12-08  11:31:29 Sun  root ERROR /home/xiaofeng/桌面/MyGithub/StarFile/StarFire/Peer2_Codes/clientLogger.py Connecting to server... 
2019-12-08  11:31:29 Sun  root INFO /home/xiaofeng/桌面/MyGithub/StarFile/StarFire/Peer2_Codes/clientLogger.py Successfully connect to server 
2019-12-08  11:31:29 Sun  root INFO /home/xiaofeng/桌面/MyGithub/StarFile/StarFire/Peer2_Codes/clientLogger.py Successfully connect to server. 
2019-12-08  11:31:54 Sun  root ERROR /home/xiaofeng/桌面/MyGithub/StarFile/StarFire/Peer2_Codes/clientLogger.py Connecting to server... 
2019-12-08  11:31:54 Sun  root ERROR /home/xiaofeng/桌面/MyGithub/StarFile/StarFire/Peer2_Codes/clientLogger.py Connection to server failed. Reconnect after 5 seconds... 
2019-12-08  11:31:56 Sun  root INFO /home/xiaofeng/桌面/MyGithub/StarFile/StarFire/Peer2_Codes/clientLogger.py Got Connection From 127.0.0.1 : 60110 
2019-12-08  11:31:56 Sun  root INFO /home/xiaofeng/桌面/MyGithub/StarFile/StarFire/Peer2_Codes/clientLogger.py Got the directory 
2019-12-08  11:31:56 Sun  root INFO /home/xiaofeng/桌面/MyGithub/StarFile/StarFire/Peer2_Codes/clientLogger.py Local directory caching is complete. 5 
2019-12-08  11:31:59 Sun  root ERROR /home/xiaofeng/桌面/MyGithub/StarFile/StarFire/Peer2_Codes/clientLogger.py Connecting to server... 
2019-12-08  11:31:59 Sun  root ERROR /home/xiaofeng/桌面/MyGithub/StarFile/StarFire/Peer2_Codes/clientLogger.py Connection to server failed. Reconnect after 5 seconds... 
2019-12-08  11:32:04 Sun  root ERROR /home/xiaofeng/桌面/MyGithub/StarFile/StarFire/Peer2_Codes/clientLogger.py Connecting to server... 
2019-12-08  11:32:04 Sun  root ERROR /home/xiaofeng/桌面/MyGithub/StarFile/StarFire/Peer2_Codes/clientLogger.py Connection to server failed. Reconnect after 5 seconds... 
2019-12-08  11:32:09 Sun  root ERROR /home/xiaofeng/桌面/MyGithub/StarFile/StarFire/Peer2_Codes/clientLogger.py The maximum number of retries is reached and the connection to the server fails.Switch to distributed mode... 
2019-12-08  11:32:26 Sun  root INFO /home/xiaofeng/桌面/MyGithub/StarFile/StarFire/Peer2_Codes/clientLogger.py Got Connection From 127.0.0.1 : 60118 
2019-12-08  11:32:26 Sun  root INFO /home/xiaofeng/桌面/MyGithub/StarFile/StarFire/Peer2_Codes/clientLogger.py Got the directory 
2019-12-08  11:32:26 Sun  root INFO /home/xiaofeng/桌面/MyGithub/StarFile/StarFire/Peer2_Codes/clientLogger.py Local directory caching is complete. 5 
2019-12-08  11:32:56 Sun  root INFO /home/xiaofeng/桌面/MyGithub/StarFile/StarFire/Peer2_Codes/clientLogger.py Got Connection From 127.0.0.1 : 60122 
2019-12-08  11:32:56 Sun  root INFO /home/xiaofeng/桌面/MyGithub/StarFile/StarFire/Peer2_Codes/clientLogger.py Got the directory 
2019-12-08  11:32:56 Sun  root INFO /home/xiaofeng/桌面/MyGithub/StarFile/StarFire/Peer2_Codes/clientLogger.py Local directory caching is complete. 5 
2019-12-08  11:33:26 Sun  root INFO /home/xiaofeng/桌面/MyGithub/StarFile/StarFire/Peer2_Codes/clientLogger.py Got Connection From 127.0.0.1 : 60126 
2019-12-08  11:33:26 Sun  root INFO /home/xiaofeng/桌面/MyGithub/StarFile/StarFire/Peer2_Codes/clientLogger.py Got the directory 
2019-12-08  11:33:26 Sun  root INFO /home/xiaofeng/桌面/MyGithub/StarFile/StarFire/Peer2_Codes/clientLogger.py Local directory caching is complete. 5 
2019-12-08  11:33:56 Sun  root INFO /home/xiaofeng/桌面/MyGithub/StarFile/StarFire/Peer2_Codes/clientLogger.py Got Connection From 127.0.0.1 : 60132 
2019-12-08  11:33:56 Sun  root INFO /home/xiaofeng/桌面/MyGithub/StarFile/StarFire/Peer2_Codes/clientLogger.py Got the directory 
2019-12-08  11:33:56 Sun  root INFO /home/xiaofeng/桌面/MyGithub/StarFile/StarFire/Peer2_Codes/clientLogger.py Local directory caching is complete. 5 
2019-12-08  11:34:09 Sun  root ERROR /home/xiaofeng/桌面/MyGithub/StarFile/StarFire/Peer2_Codes/clientLogger.py Connecting to server... 
2019-12-08  11:34:09 Sun  root ERROR /home/xiaofeng/桌面/MyGithub/StarFile/StarFire/Peer2_Codes/clientLogger.py Connection to server failed. Reconnect after 5 seconds... 
2019-12-08  11:34:14 Sun  root ERROR /home/xiaofeng/桌面/MyGithub/StarFile/StarFire/Peer2_Codes/clientLogger.py Connecting to server... 
2019-12-08  11:34:14 Sun  root ERROR /home/xiaofeng/桌面/MyGithub/StarFile/StarFire/Peer2_Codes/clientLogger.py Connection to server failed. Reconnect after 5 seconds... 
2019-12-08  11:34:19 Sun  root ERROR /home/xiaofeng/桌面/MyGithub/StarFile/StarFire/Peer2_Codes/clientLogger.py Connecting to server... 
2019-12-08  11:34:19 Sun  root ERROR /home/xiaofeng/桌面/MyGithub/StarFile/StarFire/Peer2_Codes/clientLogger.py Connection to server failed. Reconnect after 5 seconds... 
2019-12-08  11:34:24 Sun  root ERROR /home/xiaofeng/桌面/MyGithub/StarFile/StarFire/Peer2_Codes/clientLogger.py The maximum number of retries is reached and the connection to the server fails.Switch to distributed mode... 
2019-12-08  11:34:24 Sun  root ERROR /home/xiaofeng/桌面/MyGithub/StarFile/StarFire/Peer2_Codes/clientLogger.py Unable to connect to server, switch to centralized mode. 
2019-12-08  11:34:24 Sun  root INFO /home/xiaofeng/桌面/MyGithub/StarFile/StarFire/Peer2_Codes/clientLogger.py client closed. 
2019-12-08  11:35:30 Sun  root INFO /home/xiaofeng/桌面/MyGithub/StarFile/StarFire/Peer2_Codes/clientLogger.py **********This is Peer2 ********** 
2019-12-08  11:35:35 Sun  root ERROR /home/xiaofeng/桌面/MyGithub/StarFile/StarFire/Peer2_Codes/clientLogger.py Connecting to server... 
2019-12-08  11:35:35 Sun  root INFO /home/xiaofeng/桌面/MyGithub/StarFile/StarFire/Peer2_Codes/clientLogger.py Successfully connect to server 
2019-12-08  11:35:49 Sun  root ERROR /home/xiaofeng/桌面/MyGithub/StarFile/StarFire/Peer2_Codes/clientLogger.py Connecting to server... 
2019-12-08  11:35:49 Sun  root INFO /home/xiaofeng/桌面/MyGithub/StarFile/StarFire/Peer2_Codes/clientLogger.py Successfully connect to server 
2019-12-08  11:35:49 Sun  root INFO /home/xiaofeng/桌面/MyGithub/StarFile/StarFire/Peer2_Codes/clientLogger.py This file has already been registered in the server. Duplicate registration is not allowed. 
2019-12-08  11:35:49 Sun  root INFO /home/xiaofeng/桌面/MyGithub/StarFile/StarFire/Peer2_Codes/clientLogger.py And This Peer is Ready For Sharing his File
 
2019-12-08  11:35:58 Sun  root ERROR /home/xiaofeng/桌面/MyGithub/StarFile/StarFire/Peer2_Codes/clientLogger.py Connecting to server... 
2019-12-08  11:35:58 Sun  root ERROR /home/xiaofeng/桌面/MyGithub/StarFile/StarFire/Peer2_Codes/clientLogger.py Connection to server failed. Reconnect after 5 seconds... 
2019-12-08  11:36:03 Sun  root ERROR /home/xiaofeng/桌面/MyGithub/StarFile/StarFire/Peer2_Codes/clientLogger.py Connecting to server... 
2019-12-08  11:36:03 Sun  root ERROR /home/xiaofeng/桌面/MyGithub/StarFile/StarFire/Peer2_Codes/clientLogger.py Connection to server failed. Reconnect after 5 seconds... 
2019-12-08  11:36:08 Sun  root ERROR /home/xiaofeng/桌面/MyGithub/StarFile/StarFire/Peer2_Codes/clientLogger.py Connecting to server... 
2019-12-08  11:36:08 Sun  root ERROR /home/xiaofeng/桌面/MyGithub/StarFile/StarFire/Peer2_Codes/clientLogger.py Connection to server failed. Reconnect after 5 seconds... 
2019-12-08  11:36:13 Sun  root ERROR /home/xiaofeng/桌面/MyGithub/StarFile/StarFire/Peer2_Codes/clientLogger.py The maximum number of retries is reached and the connection to the server fails.Switch to distributed mode... 
2019-12-08  11:37:22 Sun  root INFO /home/xiaofeng/桌面/MyGithub/StarFile/StarFire/Peer2_Codes/clientLogger.py Got Connection From 127.0.0.1 : 60188 
2019-12-08  11:37:22 Sun  root INFO /home/xiaofeng/桌面/MyGithub/StarFile/StarFire/Peer2_Codes/clientLogger.py Got the directory 
2019-12-08  11:37:22 Sun  root INFO /home/xiaofeng/桌面/MyGithub/StarFile/StarFire/Peer2_Codes/clientLogger.py Local directory caching is complete. 5 
2019-12-08  11:37:29 Sun  root ERROR /home/xiaofeng/桌面/MyGithub/StarFile/StarFire/Peer2_Codes/clientLogger.py Connecting to server... 
2019-12-08  11:37:29 Sun  root INFO /home/xiaofeng/桌面/MyGithub/StarFile/StarFire/Peer2_Codes/clientLogger.py Successfully connect to server 
2019-12-08  11:37:29 Sun  root INFO /home/xiaofeng/桌面/MyGithub/StarFile/StarFire/Peer2_Codes/clientLogger.py Successfully connect to server, switch to centralized mode. 
2019-12-08  11:37:32 Sun  root ERROR /home/xiaofeng/桌面/MyGithub/StarFile/StarFire/Peer2_Codes/clientLogger.py Connecting to server... 
2019-12-08  11:37:32 Sun  root INFO /home/xiaofeng/桌面/MyGithub/StarFile/StarFire/Peer2_Codes/clientLogger.py Successfully connect to server 
2019-12-08  11:37:45 Sun  root INFO /home/xiaofeng/桌面/MyGithub/StarFile/StarFire/Peer2_Codes/clientLogger.py client closed. 
