2019-12-07  12:01:09 Sat  root INFO /home/xiaofeng/桌面/MyGithub/StarFile/StarFire/Server_Codes/ServerLog.py The directory is empty and no data is sent. 
2019-12-07  12:01:22 Sat  root INFO /home/xiaofeng/桌面/MyGithub/StarFile/StarFire/Server_Codes/ServerLog.py Got Connection From 127.0.0.1 : 48452 
2019-12-07  12:01:22 Sat  root INFO /home/xiaofeng/桌面/MyGithub/StarFile/StarFire/Server_Codes/ServerLog.py Peer 48452 ,Add New File 
2019-12-07  12:01:27 Sat  root INFO /home/xiaofeng/桌面/MyGithub/StarFile/StarFire/Server_Codes/ServerLog.py Got Connection From 127.0.0.1 : 48454 
2019-12-07  12:01:27 Sat  root INFO /home/xiaofeng/桌面/MyGithub/StarFile/StarFire/Server_Codes/ServerLog.py Peer 48454 ,Add New File 
2019-12-07  12:01:39 Sat  root INFO /home/xiaofeng/桌面/MyGithub/StarFile/StarFire/Server_Codes/ServerLog.py Time 30 seconds 
2019-12-07  12:01:39 Sat  root DEBUG /home/xiaofeng/桌面/MyGithub/StarFile/StarFire/Server_Codes/ServerLog.py Delivery schedule: 0.5 
2019-12-07  12:01:39 Sat  root DEBUG /home/xiaofeng/桌面/MyGithub/StarFile/StarFire/Server_Codes/ServerLog.py Delivery schedule: 1.0 
2019-12-07  12:01:50 Sat  root INFO /home/xiaofeng/桌面/MyGithub/StarFile/StarFire/Server_Codes/ServerLog.py Got Connection From 127.0.0.1 : 48460 
2019-12-07  12:02:00 Sat  root INFO /home/xiaofeng/桌面/MyGithub/StarFile/StarFire/Server_Codes/ServerLog.py Peer 48460 ,Searching For a File
 
2019-12-07  12:02:02 Sat  root INFO /home/xiaofeng/桌面/MyGithub/StarFile/StarFire/Server_Codes/ServerLog.py Got Connection From 127.0.0.1 : 48462 
2019-12-07  12:02:02 Sat  root INFO /home/xiaofeng/桌面/MyGithub/StarFile/StarFire/Server_Codes/ServerLog.py Peer 48462 ,Listing all Exiting Files
 
2019-12-07  12:02:09 Sat  root INFO /home/xiaofeng/桌面/MyGithub/StarFile/StarFire/Server_Codes/ServerLog.py Time 30 seconds 
2019-12-07  12:02:09 Sat  root DEBUG /home/xiaofeng/桌面/MyGithub/StarFile/StarFire/Server_Codes/ServerLog.py Delivery schedule: 0.5 
2019-12-07  12:02:09 Sat  root DEBUG /home/xiaofeng/桌面/MyGithub/StarFile/StarFire/Server_Codes/ServerLog.py Delivery schedule: 1.0 
2019-12-07  12:02:39 Sat  root INFO /home/xiaofeng/桌面/MyGithub/StarFile/StarFire/Server_Codes/ServerLog.py Time 30 seconds 
2019-12-07  12:02:39 Sat  root DEBUG /home/xiaofeng/桌面/MyGithub/StarFile/StarFire/Server_Codes/ServerLog.py Delivery schedule: 0.5 
2019-12-07  12:02:39 Sat  root DEBUG /home/xiaofeng/桌面/MyGithub/StarFile/StarFire/Server_Codes/ServerLog.py Delivery schedule: 1.0 
2019-12-07  12:05:08 Sat  root INFO /home/xiaofeng/桌面/MyGithub/StarFile/StarFire/Server_Codes/ServerLog.py The directory is empty and no data is sent. 
2019-12-08  10:53:06 Sun  root INFO /home/xiaofeng/桌面/MyGithub/StarFile/StarFire/Server_Codes/ServerLog.py Read the local directory structure... 
2019-12-08  10:53:06 Sun  root INFO /home/xiaofeng/桌面/MyGithub/StarFile/StarFire/Server_Codes/ServerLog.py There is no directory structure locally. 
2019-12-08  10:53:06 Sun  root INFO /home/xiaofeng/桌面/MyGithub/StarFile/StarFire/Server_Codes/ServerLog.py The directory is empty and no data is sent. 
2019-12-08  10:53:36 Sun  root INFO /home/xiaofeng/桌面/MyGithub/StarFile/StarFire/Server_Codes/ServerLog.py The directory is empty and no data is sent. 
2019-12-08  10:54:06 Sun  root INFO /home/xiaofeng/桌面/MyGithub/StarFile/StarFire/Server_Codes/ServerLog.py The directory is empty and no data is sent. 
2019-12-08  10:54:07 Sun  root INFO /home/xiaofeng/桌面/MyGithub/StarFile/StarFire/Server_Codes/ServerLog.py Got Connection From 127.0.0.1 : 54816 
2019-12-08  10:54:07 Sun  root INFO /home/xiaofeng/桌面/MyGithub/StarFile/StarFire/Server_Codes/ServerLog.py Peer 54816 ,Add New File 
2019-12-08  11:01:10 Sun  root INFO /home/xiaofeng/桌面/MyGithub/StarFile/StarFire/Server_Codes/ServerLog.py Read the local directory structure... 
2019-12-08  11:01:10 Sun  root INFO /home/xiaofeng/桌面/MyGithub/StarFile/StarFire/Server_Codes/ServerLog.py There is no directory structure locally. 
2019-12-08  11:01:10 Sun  root INFO /home/xiaofeng/桌面/MyGithub/StarFile/StarFire/Server_Codes/ServerLog.py The directory is empty and no data is sent. 
2019-12-08  11:01:40 Sun  root INFO /home/xiaofeng/桌面/MyGithub/StarFile/StarFire/Server_Codes/ServerLog.py The directory is empty and no data is sent. 
2019-12-08  11:01:45 Sun  root INFO /home/xiaofeng/桌面/MyGithub/StarFile/StarFire/Server_Codes/ServerLog.py Got Connection From 127.0.0.1 : 54856 
2019-12-08  11:01:45 Sun  root INFO /home/xiaofeng/桌面/MyGithub/StarFile/StarFire/Server_Codes/ServerLog.py Peer 54856 ,Add New File 
2019-12-08  11:04:03 Sun  root INFO /home/xiaofeng/桌面/MyGithub/StarFile/StarFire/Server_Codes/ServerLog.py Read the local directory structure... 
2019-12-08  11:04:03 Sun  root INFO /home/xiaofeng/桌面/MyGithub/StarFile/StarFire/Server_Codes/ServerLog.py 	 done 
2019-12-08  11:04:03 Sun  root INFO /home/xiaofeng/桌面/MyGithub/StarFile/StarFire/Server_Codes/ServerLog.py Time 30 seconds 
2019-12-08  11:04:03 Sun  root DEBUG /home/xiaofeng/桌面/MyGithub/StarFile/StarFire/Server_Codes/ServerLog.py Delivery schedule: 1.0 
2019-12-08  11:04:13 Sun  root INFO /home/xiaofeng/桌面/MyGithub/StarFile/StarFire/Server_Codes/ServerLog.py Got Connection From 127.0.0.1 : 54872 
2019-12-08  11:04:13 Sun  root INFO /home/xiaofeng/桌面/MyGithub/StarFile/StarFire/Server_Codes/ServerLog.py Peer 54872 ,Add New File 
2019-12-08  11:04:13 Sun  root INFO /home/xiaofeng/桌面/MyGithub/StarFile/StarFire/Server_Codes/ServerLog.py The directory structure has been updated. 
2019-12-08  11:04:22 Sun  root INFO /home/xiaofeng/桌面/MyGithub/StarFile/StarFire/Server_Codes/ServerLog.py Got Connection From 127.0.0.1 : 54874 
2019-12-08  11:04:22 Sun  root INFO /home/xiaofeng/桌面/MyGithub/StarFile/StarFire/Server_Codes/ServerLog.py Peer 54874 ,Listing all Exiting Files
 
2019-12-08  11:04:33 Sun  root INFO /home/xiaofeng/桌面/MyGithub/StarFile/StarFire/Server_Codes/ServerLog.py Time 30 seconds 
2019-12-08  11:04:33 Sun  root DEBUG /home/xiaofeng/桌面/MyGithub/StarFile/StarFire/Server_Codes/ServerLog.py Delivery schedule: 0.5 
2019-12-08  11:04:33 Sun  root DEBUG /home/xiaofeng/桌面/MyGithub/StarFile/StarFire/Server_Codes/ServerLog.py Delivery schedule: 1.0 
2019-12-08  11:04:37 Sun  root INFO /home/xiaofeng/桌面/MyGithub/StarFile/StarFire/Server_Codes/ServerLog.py Got Connection From 127.0.0.1 : 54888 
2019-12-08  11:04:37 Sun  root INFO /home/xiaofeng/桌面/MyGithub/StarFile/StarFire/Server_Codes/ServerLog.py Peer 54888 ,Add New File 
2019-12-08  11:04:37 Sun  root INFO /home/xiaofeng/桌面/MyGithub/StarFile/StarFire/Server_Codes/ServerLog.py The directory structure has been updated. 
2019-12-08  11:04:46 Sun  root INFO /home/xiaofeng/桌面/MyGithub/StarFile/StarFire/Server_Codes/ServerLog.py Got Connection From 127.0.0.1 : 54890 
2019-12-08  11:04:46 Sun  root INFO /home/xiaofeng/桌面/MyGithub/StarFile/StarFire/Server_Codes/ServerLog.py Peer 54890 ,Listing all Exiting Files
 
2019-12-08  11:04:49 Sun  root INFO /home/xiaofeng/桌面/MyGithub/StarFile/StarFire/Server_Codes/ServerLog.py Got Connection From 127.0.0.1 : 54892 
2019-12-08  11:04:49 Sun  root INFO /home/xiaofeng/桌面/MyGithub/StarFile/StarFire/Server_Codes/ServerLog.py Peer 54892 ,Add New File 
2019-12-08  11:04:49 Sun  root INFO /home/xiaofeng/桌面/MyGithub/StarFile/StarFire/Server_Codes/ServerLog.py The directory structure has been updated. 
2019-12-08  11:06:42 Sun  root INFO /home/xiaofeng/桌面/MyGithub/StarFile/StarFire/Server_Codes/ServerLog.py Read the local directory structure... 
2019-12-08  11:06:42 Sun  root INFO /home/xiaofeng/桌面/MyGithub/StarFile/StarFire/Server_Codes/ServerLog.py 	 done 
2019-12-08  11:06:42 Sun  root INFO /home/xiaofeng/桌面/MyGithub/StarFile/StarFire/Server_Codes/ServerLog.py Time 30 seconds 
2019-12-08  11:06:42 Sun  root DEBUG /home/xiaofeng/桌面/MyGithub/StarFile/StarFire/Server_Codes/ServerLog.py Delivery schedule: 0.5 
2019-12-08  11:06:42 Sun  root DEBUG /home/xiaofeng/桌面/MyGithub/StarFile/StarFire/Server_Codes/ServerLog.py Delivery schedule: 1.0 
2019-12-08  11:06:46 Sun  root INFO /home/xiaofeng/桌面/MyGithub/StarFile/StarFire/Server_Codes/ServerLog.py Got Connection From 127.0.0.1 : 54916 
2019-12-08  11:06:46 Sun  root INFO /home/xiaofeng/桌面/MyGithub/StarFile/StarFire/Server_Codes/ServerLog.py Peer 54916 ,Listing all Exiting Files
 
2019-12-08  11:06:51 Sun  root INFO /home/xiaofeng/桌面/MyGithub/StarFile/StarFire/Server_Codes/ServerLog.py Got Connection From 127.0.0.1 : 54918 
2019-12-08  11:06:51 Sun  root INFO /home/xiaofeng/桌面/MyGithub/StarFile/StarFire/Server_Codes/ServerLog.py Peer 54918 ,Listing all Exiting Files
 
2019-12-08  11:07:04 Sun  root INFO /home/xiaofeng/桌面/MyGithub/StarFile/StarFire/Server_Codes/ServerLog.py Got Connection From 127.0.0.1 : 54920 
2019-12-08  11:07:04 Sun  root INFO /home/xiaofeng/桌面/MyGithub/StarFile/StarFire/Server_Codes/ServerLog.py Peer 54920 ,Add New File 
2019-12-08  11:07:04 Sun  root INFO /home/xiaofeng/桌面/MyGithub/StarFile/StarFire/Server_Codes/ServerLog.py The directory structure has been updated. 
2019-12-08  11:07:06 Sun  root INFO /home/xiaofeng/桌面/MyGithub/StarFile/StarFire/Server_Codes/ServerLog.py Got Connection From 127.0.0.1 : 54922 
2019-12-08  11:07:06 Sun  root INFO /home/xiaofeng/桌面/MyGithub/StarFile/StarFire/Server_Codes/ServerLog.py Peer 54922 ,Listing all Exiting Files
 
2019-12-08  11:07:09 Sun  root INFO /home/xiaofeng/桌面/MyGithub/StarFile/StarFire/Server_Codes/ServerLog.py Got Connection From 127.0.0.1 : 54924 
2019-12-08  11:07:09 Sun  root INFO /home/xiaofeng/桌面/MyGithub/StarFile/StarFire/Server_Codes/ServerLog.py Peer 54924 ,Listing all Exiting Files
 
2019-12-08  11:07:12 Sun  root INFO /home/xiaofeng/桌面/MyGithub/StarFile/StarFire/Server_Codes/ServerLog.py Time 30 seconds 
2019-12-08  11:07:12 Sun  root DEBUG /home/xiaofeng/桌面/MyGithub/StarFile/StarFire/Server_Codes/ServerLog.py Delivery schedule: 0.5 
2019-12-08  11:07:12 Sun  root DEBUG /home/xiaofeng/桌面/MyGithub/StarFile/StarFire/Server_Codes/ServerLog.py Delivery schedule: 1.0 
2019-12-08  11:09:28 Sun  root INFO /home/xiaofeng/桌面/MyGithub/StarFile/StarFire/Server_Codes/ServerLog.py Read the local directory structure... 
2019-12-08  11:09:28 Sun  root INFO /home/xiaofeng/桌面/MyGithub/StarFile/StarFire/Server_Codes/ServerLog.py There is no directory structure locally. 
2019-12-08  11:09:28 Sun  root INFO /home/xiaofeng/桌面/MyGithub/StarFile/StarFire/Server_Codes/ServerLog.py The directory is empty and no data is sent. 
2019-12-08  11:09:36 Sun  root INFO /home/xiaofeng/桌面/MyGithub/StarFile/StarFire/Server_Codes/ServerLog.py Got Connection From 127.0.0.1 : 54944 
2019-12-08  11:09:36 Sun  root INFO /home/xiaofeng/桌面/MyGithub/StarFile/StarFire/Server_Codes/ServerLog.py Peer 54944 ,Listing all Exiting Files
 
2019-12-08  11:09:58 Sun  root INFO /home/xiaofeng/桌面/MyGithub/StarFile/StarFire/Server_Codes/ServerLog.py The directory is empty and no data is sent. 
2019-12-08  11:10:28 Sun  root INFO /home/xiaofeng/桌面/MyGithub/StarFile/StarFire/Server_Codes/ServerLog.py The directory is empty and no data is sent. 
2019-12-08  11:10:55 Sun  root INFO /home/xiaofeng/桌面/MyGithub/StarFile/StarFire/Server_Codes/ServerLog.py Got Connection From 127.0.0.1 : 54950 
2019-12-08  11:10:55 Sun  root INFO /home/xiaofeng/桌面/MyGithub/StarFile/StarFire/Server_Codes/ServerLog.py Peer 54950 ,Add New File 
2019-12-08  11:10:55 Sun  root INFO /home/xiaofeng/桌面/MyGithub/StarFile/StarFire/Server_Codes/ServerLog.py The directory structure has been updated. 
2019-12-08  11:10:58 Sun  root INFO /home/xiaofeng/桌面/MyGithub/StarFile/StarFire/Server_Codes/ServerLog.py Time 30 seconds 
2019-12-08  11:10:58 Sun  root DEBUG /home/xiaofeng/桌面/MyGithub/StarFile/StarFire/Server_Codes/ServerLog.py Delivery schedule: 1.0 
2019-12-08  11:11:28 Sun  root INFO /home/xiaofeng/桌面/MyGithub/StarFile/StarFire/Server_Codes/ServerLog.py Time 30 seconds 
2019-12-08  11:11:28 Sun  root DEBUG /home/xiaofeng/桌面/MyGithub/StarFile/StarFire/Server_Codes/ServerLog.py Delivery schedule: 1.0 
2019-12-08  11:11:58 Sun  root INFO /home/xiaofeng/桌面/MyGithub/StarFile/StarFire/Server_Codes/ServerLog.py Time 30 seconds 
2019-12-08  11:11:58 Sun  root DEBUG /home/xiaofeng/桌面/MyGithub/StarFile/StarFire/Server_Codes/ServerLog.py Delivery schedule: 1.0 
2019-12-08  11:12:28 Sun  root INFO /home/xiaofeng/桌面/MyGithub/StarFile/StarFire/Server_Codes/ServerLog.py Time 30 seconds 
2019-12-08  11:12:28 Sun  root DEBUG /home/xiaofeng/桌面/MyGithub/StarFile/StarFire/Server_Codes/ServerLog.py Delivery schedule: 1.0 
2019-12-08  11:12:45 Sun  root INFO /home/xiaofeng/桌面/MyGithub/StarFile/StarFire/Server_Codes/ServerLog.py Got Connection From 127.0.0.1 : 54972 
2019-12-08  11:12:45 Sun  root INFO /home/xiaofeng/桌面/MyGithub/StarFile/StarFire/Server_Codes/ServerLog.py Peer 54972 ,Add New File 
2019-12-08  11:12:45 Sun  root INFO /home/xiaofeng/桌面/MyGithub/StarFile/StarFire/Server_Codes/ServerLog.py The directory structure has been updated. 
2019-12-08  11:12:51 Sun  root INFO /home/xiaofeng/桌面/MyGithub/StarFile/StarFire/Server_Codes/ServerLog.py Got Connection From 127.0.0.1 : 54974 
2019-12-08  11:12:51 Sun  root INFO /home/xiaofeng/桌面/MyGithub/StarFile/StarFire/Server_Codes/ServerLog.py Peer 54974 ,Listing all Exiting Files
 
2019-12-08  11:12:58 Sun  root INFO /home/xiaofeng/桌面/MyGithub/StarFile/StarFire/Server_Codes/ServerLog.py Time 30 seconds 
2019-12-08  11:12:58 Sun  root DEBUG /home/xiaofeng/桌面/MyGithub/StarFile/StarFire/Server_Codes/ServerLog.py Delivery schedule: 0.5 
2019-12-08  11:12:58 Sun  root DEBUG /home/xiaofeng/桌面/MyGithub/StarFile/StarFire/Server_Codes/ServerLog.py Delivery schedule: 1.0 
2019-12-08  11:13:28 Sun  root INFO /home/xiaofeng/桌面/MyGithub/StarFile/StarFire/Server_Codes/ServerLog.py Time 30 seconds 
2019-12-08  11:13:28 Sun  root DEBUG /home/xiaofeng/桌面/MyGithub/StarFile/StarFire/Server_Codes/ServerLog.py Delivery schedule: 0.5 
2019-12-08  11:13:28 Sun  root DEBUG /home/xiaofeng/桌面/MyGithub/StarFile/StarFire/Server_Codes/ServerLog.py Delivery schedule: 1.0 
2019-12-08  11:13:58 Sun  root INFO /home/xiaofeng/桌面/MyGithub/StarFile/StarFire/Server_Codes/ServerLog.py Time 30 seconds 
2019-12-08  11:13:58 Sun  root DEBUG /home/xiaofeng/桌面/MyGithub/StarFile/StarFire/Server_Codes/ServerLog.py Delivery schedule: 0.5 
2019-12-08  11:13:58 Sun  root DEBUG /home/xiaofeng/桌面/MyGithub/StarFile/StarFire/Server_Codes/ServerLog.py Delivery schedule: 1.0 
2019-12-08  11:14:44 Sun  root INFO /home/xiaofeng/桌面/MyGithub/StarFile/StarFire/Server_Codes/ServerLog.py Read the local directory structure... 
2019-12-08  11:14:44 Sun  root INFO /home/xiaofeng/桌面/MyGithub/StarFile/StarFire/Server_Codes/ServerLog.py 	 done 
2019-12-08  11:14:44 Sun  root INFO /home/xiaofeng/桌面/MyGithub/StarFile/StarFire/Server_Codes/ServerLog.py Time 30 seconds 
2019-12-08  11:14:44 Sun  root DEBUG /home/xiaofeng/桌面/MyGithub/StarFile/StarFire/Server_Codes/ServerLog.py Delivery schedule: 1.0 
2019-12-08  11:14:52 Sun  root INFO /home/xiaofeng/桌面/MyGithub/StarFile/StarFire/Server_Codes/ServerLog.py Got Connection From 127.0.0.1 : 54998 
2019-12-08  11:14:52 Sun  root INFO /home/xiaofeng/桌面/MyGithub/StarFile/StarFire/Server_Codes/ServerLog.py Peer 54998 ,Listing all Exiting Files
 
2019-12-08  11:14:54 Sun  root INFO /home/xiaofeng/桌面/MyGithub/StarFile/StarFire/Server_Codes/ServerLog.py Got Connection From 127.0.0.1 : 55000 
2019-12-08  11:14:54 Sun  root INFO /home/xiaofeng/桌面/MyGithub/StarFile/StarFire/Server_Codes/ServerLog.py Peer 55000 ,Listing all Exiting Files
 
2019-12-08  11:15:02 Sun  root INFO /home/xiaofeng/桌面/MyGithub/StarFile/StarFire/Server_Codes/ServerLog.py Got Connection From 127.0.0.1 : 55006 
2019-12-08  11:15:02 Sun  root INFO /home/xiaofeng/桌面/MyGithub/StarFile/StarFire/Server_Codes/ServerLog.py Peer 55006 ,Add New File 
2019-12-08  11:15:02 Sun  root INFO /home/xiaofeng/桌面/MyGithub/StarFile/StarFire/Server_Codes/ServerLog.py The directory structure has been updated. 
2019-12-08  11:15:06 Sun  root INFO /home/xiaofeng/桌面/MyGithub/StarFile/StarFire/Server_Codes/ServerLog.py Got Connection From 127.0.0.1 : 55008 
2019-12-08  11:15:06 Sun  root INFO /home/xiaofeng/桌面/MyGithub/StarFile/StarFire/Server_Codes/ServerLog.py Peer 55008 ,Add New File 
2019-12-08  11:15:06 Sun  root INFO /home/xiaofeng/桌面/MyGithub/StarFile/StarFire/Server_Codes/ServerLog.py The directory structure has been updated. 
2019-12-08  11:15:07 Sun  root INFO /home/xiaofeng/桌面/MyGithub/StarFile/StarFire/Server_Codes/ServerLog.py Got Connection From 127.0.0.1 : 55010 
2019-12-08  11:15:07 Sun  root INFO /home/xiaofeng/桌面/MyGithub/StarFile/StarFire/Server_Codes/ServerLog.py Peer 55010 ,Listing all Exiting Files
 
2019-12-08  11:15:09 Sun  root INFO /home/xiaofeng/桌面/MyGithub/StarFile/StarFire/Server_Codes/ServerLog.py Got Connection From 127.0.0.1 : 55012 
2019-12-08  11:15:09 Sun  root INFO /home/xiaofeng/桌面/MyGithub/StarFile/StarFire/Server_Codes/ServerLog.py Peer 55012 ,Listing all Exiting Files
 
2019-12-08  11:16:12 Sun  root INFO /home/xiaofeng/桌面/MyGithub/StarFile/StarFire/Server_Codes/ServerLog.py Read the local directory structure... 
2019-12-08  11:16:12 Sun  root INFO /home/xiaofeng/桌面/MyGithub/StarFile/StarFire/Server_Codes/ServerLog.py 	 done 
2019-12-08  11:16:12 Sun  root INFO /home/xiaofeng/桌面/MyGithub/StarFile/StarFire/Server_Codes/ServerLog.py Time 30 seconds 
2019-12-08  11:16:12 Sun  root DEBUG /home/xiaofeng/桌面/MyGithub/StarFile/StarFire/Server_Codes/ServerLog.py Delivery schedule: 0.5 
2019-12-08  11:16:12 Sun  root DEBUG /home/xiaofeng/桌面/MyGithub/StarFile/StarFire/Server_Codes/ServerLog.py Delivery schedule: 1.0 
2019-12-08  11:16:15 Sun  root INFO /home/xiaofeng/桌面/MyGithub/StarFile/StarFire/Server_Codes/ServerLog.py Got Connection From 127.0.0.1 : 55020 
2019-12-08  11:16:15 Sun  root INFO /home/xiaofeng/桌面/MyGithub/StarFile/StarFire/Server_Codes/ServerLog.py Peer 55020 ,Listing all Exiting Files
 
2019-12-08  11:16:17 Sun  root INFO /home/xiaofeng/桌面/MyGithub/StarFile/StarFire/Server_Codes/ServerLog.py Got Connection From 127.0.0.1 : 55022 
2019-12-08  11:16:17 Sun  root INFO /home/xiaofeng/桌面/MyGithub/StarFile/StarFire/Server_Codes/ServerLog.py Peer 55022 ,Listing all Exiting Files
 
2019-12-08  11:22:04 Sun  root INFO /home/xiaofeng/桌面/MyGithub/StarFile/StarFire/Server_Codes/ServerLog.py Read the local directory structure... 
2019-12-08  11:22:04 Sun  root INFO /home/xiaofeng/桌面/MyGithub/StarFile/StarFire/Server_Codes/ServerLog.py 	 done 
2019-12-08  11:22:04 Sun  root INFO /home/xiaofeng/桌面/MyGithub/StarFile/StarFire/Server_Codes/ServerLog.py Time 30 seconds 
2019-12-08  11:22:04 Sun  root DEBUG /home/xiaofeng/桌面/MyGithub/StarFile/StarFire/Server_Codes/ServerLog.py Delivery schedule: 0.5 
2019-12-08  11:22:04 Sun  root DEBUG /home/xiaofeng/桌面/MyGithub/StarFile/StarFire/Server_Codes/ServerLog.py Delivery schedule: 1.0 
2019-12-08  11:22:15 Sun  root INFO /home/xiaofeng/桌面/MyGithub/StarFile/StarFire/Server_Codes/ServerLog.py Got Connection From 127.0.0.1 : 55118 
2019-12-08  11:22:15 Sun  root INFO /home/xiaofeng/桌面/MyGithub/StarFile/StarFire/Server_Codes/ServerLog.py Peer 55118 ,Listing all Exiting Files
 
2019-12-08  11:22:20 Sun  root INFO /home/xiaofeng/桌面/MyGithub/StarFile/StarFire/Server_Codes/ServerLog.py Got Connection From 127.0.0.1 : 55120 
2019-12-08  11:22:20 Sun  root INFO /home/xiaofeng/桌面/MyGithub/StarFile/StarFire/Server_Codes/ServerLog.py Peer 55120 ,Listing all Exiting Files
 
2019-12-08  11:22:34 Sun  root INFO /home/xiaofeng/桌面/MyGithub/StarFile/StarFire/Server_Codes/ServerLog.py Time 30 seconds 
2019-12-08  11:22:34 Sun  root DEBUG /home/xiaofeng/桌面/MyGithub/StarFile/StarFire/Server_Codes/ServerLog.py Delivery schedule: 0.5 
2019-12-08  11:22:34 Sun  root DEBUG /home/xiaofeng/桌面/MyGithub/StarFile/StarFire/Server_Codes/ServerLog.py Delivery schedule: 1.0 
2019-12-08  11:22:45 Sun  root INFO /home/xiaofeng/桌面/MyGithub/StarFile/StarFire/Server_Codes/ServerLog.py Got Connection From 127.0.0.1 : 55132 
2019-12-08  11:22:45 Sun  root INFO /home/xiaofeng/桌面/MyGithub/StarFile/StarFire/Server_Codes/ServerLog.py Peer 55132 ,Add New File 
2019-12-08  11:22:45 Sun  root INFO /home/xiaofeng/桌面/MyGithub/StarFile/StarFire/Server_Codes/ServerLog.py The directory structure has been updated. 
2019-12-08  11:22:58 Sun  root INFO /home/xiaofeng/桌面/MyGithub/StarFile/StarFire/Server_Codes/ServerLog.py Got Connection From 127.0.0.1 : 55134 
2019-12-08  11:22:58 Sun  root INFO /home/xiaofeng/桌面/MyGithub/StarFile/StarFire/Server_Codes/ServerLog.py Peer 55134 ,Add New File 
2019-12-08  11:22:58 Sun  root INFO /home/xiaofeng/桌面/MyGithub/StarFile/StarFire/Server_Codes/ServerLog.py The directory structure has been updated. 
2019-12-08  11:23:04 Sun  root INFO /home/xiaofeng/桌面/MyGithub/StarFile/StarFire/Server_Codes/ServerLog.py Time 30 seconds 
2019-12-08  11:23:04 Sun  root DEBUG /home/xiaofeng/桌面/MyGithub/StarFile/StarFire/Server_Codes/ServerLog.py Delivery schedule: 0.5 
2019-12-08  11:23:04 Sun  root DEBUG /home/xiaofeng/桌面/MyGithub/StarFile/StarFire/Server_Codes/ServerLog.py Delivery schedule: 1.0 
2019-12-08  11:28:34 Sun  root INFO /home/xiaofeng/桌面/MyGithub/StarFile/StarFire/Server_Codes/ServerLog.py Read the local directory structure... 
2019-12-08  11:28:34 Sun  root INFO /home/xiaofeng/桌面/MyGithub/StarFile/StarFire/Server_Codes/ServerLog.py 	 done 
2019-12-08  11:28:34 Sun  root INFO /home/xiaofeng/桌面/MyGithub/StarFile/StarFire/Server_Codes/ServerLog.py Time 30 seconds 
2019-12-08  11:28:34 Sun  root DEBUG /home/xiaofeng/桌面/MyGithub/StarFile/StarFire/Server_Codes/ServerLog.py Delivery schedule: 0.5 
2019-12-08  11:28:34 Sun  root DEBUG /home/xiaofeng/桌面/MyGithub/StarFile/StarFire/Server_Codes/ServerLog.py Delivery schedule: 1.0 
2019-12-08  11:28:40 Sun  root INFO /home/xiaofeng/桌面/MyGithub/StarFile/StarFire/Server_Codes/ServerLog.py Got Connection From 127.0.0.1 : 55184 
2019-12-08  11:28:40 Sun  root INFO /home/xiaofeng/桌面/MyGithub/StarFile/StarFire/Server_Codes/ServerLog.py Peer 55184 ,Listing all Exiting Files
 
2019-12-08  11:28:49 Sun  root INFO /home/xiaofeng/桌面/MyGithub/StarFile/StarFire/Server_Codes/ServerLog.py Got Connection From 127.0.0.1 : 55186 
2019-12-08  11:28:49 Sun  root INFO /home/xiaofeng/桌面/MyGithub/StarFile/StarFire/Server_Codes/ServerLog.py Peer 55186 ,Add New File 
2019-12-08  11:28:55 Sun  root INFO /home/xiaofeng/桌面/MyGithub/StarFile/StarFire/Server_Codes/ServerLog.py Got Connection From 127.0.0.1 : 55188 
2019-12-08  11:28:55 Sun  root INFO /home/xiaofeng/桌面/MyGithub/StarFile/StarFire/Server_Codes/ServerLog.py Peer 55188 ,Add New File 
2019-12-08  11:29:04 Sun  root INFO /home/xiaofeng/桌面/MyGithub/StarFile/StarFire/Server_Codes/ServerLog.py Time 30 seconds 
2019-12-08  11:29:04 Sun  root DEBUG /home/xiaofeng/桌面/MyGithub/StarFile/StarFire/Server_Codes/ServerLog.py Delivery schedule: 0.5 
2019-12-08  11:29:04 Sun  root DEBUG /home/xiaofeng/桌面/MyGithub/StarFile/StarFire/Server_Codes/ServerLog.py Delivery schedule: 1.0 
2019-12-08  11:31:26 Sun  root INFO /home/xiaofeng/桌面/MyGithub/StarFile/StarFire/Server_Codes/ServerLog.py Read the local directory structure... 
2019-12-08  11:31:26 Sun  root INFO /home/xiaofeng/桌面/MyGithub/StarFile/StarFire/Server_Codes/ServerLog.py 	 done 
2019-12-08  11:31:26 Sun  root INFO /home/xiaofeng/桌面/MyGithub/StarFile/StarFire/Server_Codes/ServerLog.py Time 30 seconds 
2019-12-08  11:31:26 Sun  root DEBUG /home/xiaofeng/桌面/MyGithub/StarFile/StarFire/Server_Codes/ServerLog.py Delivery schedule: 0.5 
2019-12-08  11:31:26 Sun  root DEBUG /home/xiaofeng/桌面/MyGithub/StarFile/StarFire/Server_Codes/ServerLog.py Delivery schedule: 1.0 
2019-12-08  11:31:29 Sun  root INFO /home/xiaofeng/桌面/MyGithub/StarFile/StarFire/Server_Codes/ServerLog.py Got Connection From 127.0.0.1 : 55220 
2019-12-08  11:31:56 Sun  root INFO /home/xiaofeng/桌面/MyGithub/StarFile/StarFire/Server_Codes/ServerLog.py Time 30 seconds 
2019-12-08  11:31:56 Sun  root DEBUG /home/xiaofeng/桌面/MyGithub/StarFile/StarFire/Server_Codes/ServerLog.py Delivery schedule: 0.5 
2019-12-08  11:31:56 Sun  root DEBUG /home/xiaofeng/桌面/MyGithub/StarFile/StarFire/Server_Codes/ServerLog.py Delivery schedule: 1.0 
2019-12-08  11:32:26 Sun  root INFO /home/xiaofeng/桌面/MyGithub/StarFile/StarFire/Server_Codes/ServerLog.py Time 30 seconds 
2019-12-08  11:32:26 Sun  root DEBUG /home/xiaofeng/桌面/MyGithub/StarFile/StarFire/Server_Codes/ServerLog.py Delivery schedule: 0.5 
2019-12-08  11:32:26 Sun  root DEBUG /home/xiaofeng/桌面/MyGithub/StarFile/StarFire/Server_Codes/ServerLog.py Delivery schedule: 1.0 
2019-12-08  11:32:56 Sun  root INFO /home/xiaofeng/桌面/MyGithub/StarFile/StarFire/Server_Codes/ServerLog.py Time 30 seconds 
2019-12-08  11:32:56 Sun  root DEBUG /home/xiaofeng/桌面/MyGithub/StarFile/StarFire/Server_Codes/ServerLog.py Delivery schedule: 0.5 
2019-12-08  11:32:56 Sun  root DEBUG /home/xiaofeng/桌面/MyGithub/StarFile/StarFire/Server_Codes/ServerLog.py Delivery schedule: 1.0 
2019-12-08  11:33:26 Sun  root INFO /home/xiaofeng/桌面/MyGithub/StarFile/StarFire/Server_Codes/ServerLog.py Time 30 seconds 
2019-12-08  11:33:26 Sun  root DEBUG /home/xiaofeng/桌面/MyGithub/StarFile/StarFire/Server_Codes/ServerLog.py Delivery schedule: 0.5 
2019-12-08  11:33:26 Sun  root DEBUG /home/xiaofeng/桌面/MyGithub/StarFile/StarFire/Server_Codes/ServerLog.py Delivery schedule: 1.0 
2019-12-08  11:33:56 Sun  root INFO /home/xiaofeng/桌面/MyGithub/StarFile/StarFire/Server_Codes/ServerLog.py Time 30 seconds 
2019-12-08  11:33:56 Sun  root DEBUG /home/xiaofeng/桌面/MyGithub/StarFile/StarFire/Server_Codes/ServerLog.py Delivery schedule: 0.5 
2019-12-08  11:33:56 Sun  root DEBUG /home/xiaofeng/桌面/MyGithub/StarFile/StarFire/Server_Codes/ServerLog.py Delivery schedule: 1.0 
2019-12-08  11:35:28 Sun  root INFO /home/xiaofeng/桌面/MyGithub/StarFile/StarFire/Server_Codes/ServerLog.py Read the local directory structure... 
2019-12-08  11:35:28 Sun  root INFO /home/xiaofeng/桌面/MyGithub/StarFile/StarFire/Server_Codes/ServerLog.py 	 done 
2019-12-08  11:35:28 Sun  root INFO /home/xiaofeng/桌面/MyGithub/StarFile/StarFire/Server_Codes/ServerLog.py Time 30 seconds 
2019-12-08  11:35:28 Sun  root DEBUG /home/xiaofeng/桌面/MyGithub/StarFile/StarFire/Server_Codes/ServerLog.py Delivery schedule: 0.5 
2019-12-08  11:35:28 Sun  root DEBUG /home/xiaofeng/桌面/MyGithub/StarFile/StarFire/Server_Codes/ServerLog.py Delivery schedule: 1.0 
2019-12-08  11:35:35 Sun  root INFO /home/xiaofeng/桌面/MyGithub/StarFile/StarFire/Server_Codes/ServerLog.py Got Connection From 127.0.0.1 : 55278 
2019-12-08  11:35:35 Sun  root INFO /home/xiaofeng/桌面/MyGithub/StarFile/StarFire/Server_Codes/ServerLog.py Peer 55278 ,Listing all Exiting Files
 
2019-12-08  11:35:37 Sun  root INFO /home/xiaofeng/桌面/MyGithub/StarFile/StarFire/Server_Codes/ServerLog.py Got Connection From 127.0.0.1 : 55280 
2019-12-08  11:35:37 Sun  root INFO /home/xiaofeng/桌面/MyGithub/StarFile/StarFire/Server_Codes/ServerLog.py Peer 55280 ,Listing all Exiting Files
 
2019-12-08  11:35:42 Sun  root INFO /home/xiaofeng/桌面/MyGithub/StarFile/StarFire/Server_Codes/ServerLog.py Got Connection From 127.0.0.1 : 55282 
2019-12-08  11:35:42 Sun  root INFO /home/xiaofeng/桌面/MyGithub/StarFile/StarFire/Server_Codes/ServerLog.py Peer 55282 ,Add New File 
2019-12-08  11:35:49 Sun  root INFO /home/xiaofeng/桌面/MyGithub/StarFile/StarFire/Server_Codes/ServerLog.py Got Connection From 127.0.0.1 : 55284 
2019-12-08  11:35:49 Sun  root INFO /home/xiaofeng/桌面/MyGithub/StarFile/StarFire/Server_Codes/ServerLog.py Peer 55284 ,Add New File 
2019-12-08  11:37:22 Sun  root INFO /home/xiaofeng/桌面/MyGithub/StarFile/StarFire/Server_Codes/ServerLog.py Read the local directory structure... 
2019-12-08  11:37:22 Sun  root INFO /home/xiaofeng/桌面/MyGithub/StarFile/StarFire/Server_Codes/ServerLog.py 	 done 
2019-12-08  11:37:22 Sun  root INFO /home/xiaofeng/桌面/MyGithub/StarFile/StarFire/Server_Codes/ServerLog.py Time 30 seconds 
2019-12-08  11:37:22 Sun  root DEBUG /home/xiaofeng/桌面/MyGithub/StarFile/StarFire/Server_Codes/ServerLog.py Delivery schedule: 0.5 
2019-12-08  11:37:22 Sun  root DEBUG /home/xiaofeng/桌面/MyGithub/StarFile/StarFire/Server_Codes/ServerLog.py Delivery schedule: 1.0 
2019-12-08  11:37:25 Sun  root INFO /home/xiaofeng/桌面/MyGithub/StarFile/StarFire/Server_Codes/ServerLog.py Got Connection From 127.0.0.1 : 55314 
2019-12-08  11:37:29 Sun  root INFO /home/xiaofeng/桌面/MyGithub/StarFile/StarFire/Server_Codes/ServerLog.py Got Connection From 127.0.0.1 : 55316 
2019-12-08  11:37:32 Sun  root INFO /home/xiaofeng/桌面/MyGithub/StarFile/StarFire/Server_Codes/ServerLog.py Got Connection From 127.0.0.1 : 55318 
2019-12-08  11:37:32 Sun  root INFO /home/xiaofeng/桌面/MyGithub/StarFile/StarFire/Server_Codes/ServerLog.py Peer 55318 ,Listing all Exiting Files
 
2019-12-08  11:37:36 Sun  root INFO /home/xiaofeng/桌面/MyGithub/StarFile/StarFire/Server_Codes/ServerLog.py Got Connection From 127.0.0.1 : 55320 
2019-12-08  11:37:41 Sun  root INFO /home/xiaofeng/桌面/MyGithub/StarFile/StarFire/Server_Codes/ServerLog.py Got Connection From 127.0.0.1 : 55322 
2019-12-08  11:37:41 Sun  root INFO /home/xiaofeng/桌面/MyGithub/StarFile/StarFire/Server_Codes/ServerLog.py Peer 55322 ,Listing all Exiting Files
 
